==931== Memcheck, a memory error detector
==931== Copyright (C) 2002-2017, and GNU GPL'd, by Julian Seward et al.
==931== Using Valgrind-3.18.1 and LibVEX; rerun with -h for copyright info
==931== Command: ./test
==931== Parent PID: 325
==931== 
==931== 
==931== HEAP SUMMARY:
==931==     in use at exit: 1,008 bytes in 42 blocks
==931==   total heap usage: 248 allocs, 206 frees, 116,323 bytes allocated
==931== 
==931== 24 bytes in 1 blocks are definitely lost in loss record 1 of 20
==931==    at 0x4849013: operator new(unsigned long) (in /usr/libexec/valgrind/vgpreload_memcheck-amd64-linux.so)
==931==    by 0x119781: s21::list<int>::create_first(int) (s21_list.h:307)
==931==    by 0x118DF2: s21::list<int>::list(unsigned long) (s21_list.h:137)
==931==    by 0x116554: ListTest_DefaultConstructor2_Test::TestBody() (tests.cc:12)
==931==    by 0x14C0AE: void testing::internal::HandleExceptionsInMethodIfSupported<testing::Test, void>(testing::Test*, void (testing::Test::*)(), char const*) (in /mnt/c/Users/Anastasiya/Desktop/s21_containers/src/list/test)
==931==    by 0x13FE45: testing::Test::Run() (in /mnt/c/Users/Anastasiya/Desktop/s21_containers/src/list/test)
==931==    by 0x13FFC4: testing::TestInfo::Run() (in /mnt/c/Users/Anastasiya/Desktop/s21_containers/src/list/test)
==931==    by 0x140578: testing::TestSuite::Run() (in /mnt/c/Users/Anastasiya/Desktop/s21_containers/src/list/test)
==931==    by 0x140C7E: testing::internal::UnitTestImpl::RunAllTests() (in /mnt/c/Users/Anastasiya/Desktop/s21_containers/src/list/test)
==931==    by 0x14C676: bool testing::internal::HandleExceptionsInMethodIfSupported<testing::internal::UnitTestImpl, bool>(testing::internal::UnitTestImpl*, bool (testing::internal::UnitTestImpl::*)(), char const*) (in /mnt/c/Users/Anastasiya/Desktop/s21_containers/src/list/test)
==931==    by 0x14008B: testing::UnitTest::Run() (in /mnt/c/Users/Anastasiya/Desktop/s21_containers/src/list/test)
==931==    by 0x118625: RUN_ALL_TESTS() (gtest.h:2490)
==931== 
==931== 24 bytes in 1 blocks are definitely lost in loss record 2 of 20
==931==    at 0x4849013: operator new(unsigned long) (in /usr/libexec/valgrind/vgpreload_memcheck-amd64-linux.so)
==931==    by 0x119781: s21::list<int>::create_first(int) (s21_list.h:307)
==931==    by 0x118E6D: s21::list<int>::list(std::initializer_list<int> const&) (s21_list.h:145)
==931==    by 0x116845: ListTest_CompareLists_Test::TestBody() (tests.cc:18)
==931==    by 0x14C0AE: void testing::internal::HandleExceptionsInMethodIfSupported<testing::Test, void>(testing::Test*, void (testing::Test::*)(), char const*) (in /mnt/c/Users/Anastasiya/Desktop/s21_containers/src/list/test)
==931==    by 0x13FE45: testing::Test::Run() (in /mnt/c/Users/Anastasiya/Desktop/s21_containers/src/list/test)
==931==    by 0x13FFC4: testing::TestInfo::Run() (in /mnt/c/Users/Anastasiya/Desktop/s21_containers/src/list/test)
==931==    by 0x140578: testing::TestSuite::Run() (in /mnt/c/Users/Anastasiya/Desktop/s21_containers/src/list/test)
==931==    by 0x140C7E: testing::internal::UnitTestImpl::RunAllTests() (in /mnt/c/Users/Anastasiya/Desktop/s21_containers/src/list/test)
==931==    by 0x14C676: bool testing::internal::HandleExceptionsInMethodIfSupported<testing::internal::UnitTestImpl, bool>(testing::internal::UnitTestImpl*, bool (testing::internal::UnitTestImpl::*)(), char const*) (in /mnt/c/Users/Anastasiya/Desktop/s21_containers/src/list/test)
==931==    by 0x14008B: testing::UnitTest::Run() (in /mnt/c/Users/Anastasiya/Desktop/s21_containers/src/list/test)
==931==    by 0x118625: RUN_ALL_TESTS() (gtest.h:2490)
==931== 
==931== 24 bytes in 1 blocks are definitely lost in loss record 3 of 20
==931==    at 0x4849013: operator new(unsigned long) (in /usr/libexec/valgrind/vgpreload_memcheck-amd64-linux.so)
==931==    by 0x118EDE: s21::list<int>::push_front(int const&) (s21_list.h:257)
==931==    by 0x11685F: ListTest_CompareLists_Test::TestBody() (tests.cc:19)
==931==    by 0x14C0AE: void testing::internal::HandleExceptionsInMethodIfSupported<testing::Test, void>(testing::Test*, void (testing::Test::*)(), char const*) (in /mnt/c/Users/Anastasiya/Desktop/s21_containers/src/list/test)
==931==    by 0x13FE45: testing::Test::Run() (in /mnt/c/Users/Anastasiya/Desktop/s21_containers/src/list/test)
==931==    by 0x13FFC4: testing::TestInfo::Run() (in /mnt/c/Users/Anastasiya/Desktop/s21_containers/src/list/test)
==931==    by 0x140578: testing::TestSuite::Run() (in /mnt/c/Users/Anastasiya/Desktop/s21_containers/src/list/test)
==931==    by 0x140C7E: testing::internal::UnitTestImpl::RunAllTests() (in /mnt/c/Users/Anastasiya/Desktop/s21_containers/src/list/test)
==931==    by 0x14C676: bool testing::internal::HandleExceptionsInMethodIfSupported<testing::internal::UnitTestImpl, bool>(testing::internal::UnitTestImpl*, bool (testing::internal::UnitTestImpl::*)(), char const*) (in /mnt/c/Users/Anastasiya/Desktop/s21_containers/src/list/test)
==931==    by 0x14008B: testing::UnitTest::Run() (in /mnt/c/Users/Anastasiya/Desktop/s21_containers/src/list/test)
==931==    by 0x118625: RUN_ALL_TESTS() (gtest.h:2490)
==931==    by 0x117BCF: main (tests.cc:82)
==931== 
==931== 24 bytes in 1 blocks are definitely lost in loss record 4 of 20
==931==    at 0x4849013: operator new(unsigned long) (in /usr/libexec/valgrind/vgpreload_memcheck-amd64-linux.so)
==931==    by 0x119781: s21::list<int>::create_first(int) (s21_list.h:307)
==931==    by 0x118E6D: s21::list<int>::list(std::initializer_list<int> const&) (s21_list.h:145)
==931==    by 0x116D7D: ListTest_CompareLists1_Test::TestBody() (tests.cc:34)
==931==    by 0x14C0AE: void testing::internal::HandleExceptionsInMethodIfSupported<testing::Test, void>(testing::Test*, void (testing::Test::*)(), char const*) (in /mnt/c/Users/Anastasiya/Desktop/s21_containers/src/list/test)
==931==    by 0x13FE45: testing::Test::Run() (in /mnt/c/Users/Anastasiya/Desktop/s21_containers/src/list/test)
==931==    by 0x13FFC4: testing::TestInfo::Run() (in /mnt/c/Users/Anastasiya/Desktop/s21_containers/src/list/test)
==931==    by 0x140578: testing::TestSuite::Run() (in /mnt/c/Users/Anastasiya/Desktop/s21_containers/src/list/test)
==931==    by 0x140C7E: testing::internal::UnitTestImpl::RunAllTests() (in /mnt/c/Users/Anastasiya/Desktop/s21_containers/src/list/test)
==931==    by 0x14C676: bool testing::internal::HandleExceptionsInMethodIfSupported<testing::internal::UnitTestImpl, bool>(testing::internal::UnitTestImpl*, bool (testing::internal::UnitTestImpl::*)(), char const*) (in /mnt/c/Users/Anastasiya/Desktop/s21_containers/src/list/test)
==931==    by 0x14008B: testing::UnitTest::Run() (in /mnt/c/Users/Anastasiya/Desktop/s21_containers/src/list/test)
==931==    by 0x118625: RUN_ALL_TESTS() (gtest.h:2490)
==931== 
==931== 24 bytes in 1 blocks are definitely lost in loss record 5 of 20
==931==    at 0x4849013: operator new(unsigned long) (in /usr/libexec/valgrind/vgpreload_memcheck-amd64-linux.so)
==931==    by 0x119781: s21::list<int>::create_first(int) (s21_list.h:307)
==931==    by 0x119215: s21::list<int>::list(s21::list<int> const&) (s21_list.h:160)
==931==    by 0x116D90: ListTest_CompareLists1_Test::TestBody() (tests.cc:35)
==931==    by 0x14C0AE: void testing::internal::HandleExceptionsInMethodIfSupported<testing::Test, void>(testing::Test*, void (testing::Test::*)(), char const*) (in /mnt/c/Users/Anastasiya/Desktop/s21_containers/src/list/test)
==931==    by 0x13FE45: testing::Test::Run() (in /mnt/c/Users/Anastasiya/Desktop/s21_containers/src/list/test)
==931==    by 0x13FFC4: testing::TestInfo::Run() (in /mnt/c/Users/Anastasiya/Desktop/s21_containers/src/list/test)
==931==    by 0x140578: testing::TestSuite::Run() (in /mnt/c/Users/Anastasiya/Desktop/s21_containers/src/list/test)
==931==    by 0x140C7E: testing::internal::UnitTestImpl::RunAllTests() (in /mnt/c/Users/Anastasiya/Desktop/s21_containers/src/list/test)
==931==    by 0x14C676: bool testing::internal::HandleExceptionsInMethodIfSupported<testing::internal::UnitTestImpl, bool>(testing::internal::UnitTestImpl*, bool (testing::internal::UnitTestImpl::*)(), char const*) (in /mnt/c/Users/Anastasiya/Desktop/s21_containers/src/list/test)
==931==    by 0x14008B: testing::UnitTest::Run() (in /mnt/c/Users/Anastasiya/Desktop/s21_containers/src/list/test)
==931==    by 0x118625: RUN_ALL_TESTS() (gtest.h:2490)
==931== 
==931== 24 bytes in 1 blocks are definitely lost in loss record 6 of 20
==931==    at 0x4849013: operator new(unsigned long) (in /usr/libexec/valgrind/vgpreload_memcheck-amd64-linux.so)
==931==    by 0x118EDE: s21::list<int>::push_front(int const&) (s21_list.h:257)
==931==    by 0x116DAA: ListTest_CompareLists1_Test::TestBody() (tests.cc:36)
==931==    by 0x14C0AE: void testing::internal::HandleExceptionsInMethodIfSupported<testing::Test, void>(testing::Test*, void (testing::Test::*)(), char const*) (in /mnt/c/Users/Anastasiya/Desktop/s21_containers/src/list/test)
==931==    by 0x13FE45: testing::Test::Run() (in /mnt/c/Users/Anastasiya/Desktop/s21_containers/src/list/test)
==931==    by 0x13FFC4: testing::TestInfo::Run() (in /mnt/c/Users/Anastasiya/Desktop/s21_containers/src/list/test)
==931==    by 0x140578: testing::TestSuite::Run() (in /mnt/c/Users/Anastasiya/Desktop/s21_containers/src/list/test)
==931==    by 0x140C7E: testing::internal::UnitTestImpl::RunAllTests() (in /mnt/c/Users/Anastasiya/Desktop/s21_containers/src/list/test)
==931==    by 0x14C676: bool testing::internal::HandleExceptionsInMethodIfSupported<testing::internal::UnitTestImpl, bool>(testing::internal::UnitTestImpl*, bool (testing::internal::UnitTestImpl::*)(), char const*) (in /mnt/c/Users/Anastasiya/Desktop/s21_containers/src/list/test)
==931==    by 0x14008B: testing::UnitTest::Run() (in /mnt/c/Users/Anastasiya/Desktop/s21_containers/src/list/test)
==931==    by 0x118625: RUN_ALL_TESTS() (gtest.h:2490)
==931==    by 0x117BCF: main (tests.cc:82)
==931== 
==931== 24 bytes in 1 blocks are definitely lost in loss record 7 of 20
==931==    at 0x4849013: operator new(unsigned long) (in /usr/libexec/valgrind/vgpreload_memcheck-amd64-linux.so)
==931==    by 0x119781: s21::list<int>::create_first(int) (s21_list.h:307)
==931==    by 0x118E6D: s21::list<int>::list(std::initializer_list<int> const&) (s21_list.h:145)
==931==    by 0x117259: ListTest_moveTest_Test::TestBody() (tests.cc:49)
==931==    by 0x14C0AE: void testing::internal::HandleExceptionsInMethodIfSupported<testing::Test, void>(testing::Test*, void (testing::Test::*)(), char const*) (in /mnt/c/Users/Anastasiya/Desktop/s21_containers/src/list/test)
==931==    by 0x13FE45: testing::Test::Run() (in /mnt/c/Users/Anastasiya/Desktop/s21_containers/src/list/test)
==931==    by 0x13FFC4: testing::TestInfo::Run() (in /mnt/c/Users/Anastasiya/Desktop/s21_containers/src/list/test)
==931==    by 0x140578: testing::TestSuite::Run() (in /mnt/c/Users/Anastasiya/Desktop/s21_containers/src/list/test)
==931==    by 0x140C7E: testing::internal::UnitTestImpl::RunAllTests() (in /mnt/c/Users/Anastasiya/Desktop/s21_containers/src/list/test)
==931==    by 0x14C676: bool testing::internal::HandleExceptionsInMethodIfSupported<testing::internal::UnitTestImpl, bool>(testing::internal::UnitTestImpl*, bool (testing::internal::UnitTestImpl::*)(), char const*) (in /mnt/c/Users/Anastasiya/Desktop/s21_containers/src/list/test)
==931==    by 0x14008B: testing::UnitTest::Run() (in /mnt/c/Users/Anastasiya/Desktop/s21_containers/src/list/test)
==931==    by 0x118625: RUN_ALL_TESTS() (gtest.h:2490)
==931== 
==931== 24 bytes in 1 blocks are definitely lost in loss record 8 of 20
==931==    at 0x4849013: operator new(unsigned long) (in /usr/libexec/valgrind/vgpreload_memcheck-amd64-linux.so)
==931==    by 0x119781: s21::list<int>::create_first(int) (s21_list.h:307)
==931==    by 0x119215: s21::list<int>::list(s21::list<int> const&) (s21_list.h:160)
==931==    by 0x11726C: ListTest_moveTest_Test::TestBody() (tests.cc:50)
==931==    by 0x14C0AE: void testing::internal::HandleExceptionsInMethodIfSupported<testing::Test, void>(testing::Test*, void (testing::Test::*)(), char const*) (in /mnt/c/Users/Anastasiya/Desktop/s21_containers/src/list/test)
==931==    by 0x13FE45: testing::Test::Run() (in /mnt/c/Users/Anastasiya/Desktop/s21_containers/src/list/test)
==931==    by 0x13FFC4: testing::TestInfo::Run() (in /mnt/c/Users/Anastasiya/Desktop/s21_containers/src/list/test)
==931==    by 0x140578: testing::TestSuite::Run() (in /mnt/c/Users/Anastasiya/Desktop/s21_containers/src/list/test)
==931==    by 0x140C7E: testing::internal::UnitTestImpl::RunAllTests() (in /mnt/c/Users/Anastasiya/Desktop/s21_containers/src/list/test)
==931==    by 0x14C676: bool testing::internal::HandleExceptionsInMethodIfSupported<testing::internal::UnitTestImpl, bool>(testing::internal::UnitTestImpl*, bool (testing::internal::UnitTestImpl::*)(), char const*) (in /mnt/c/Users/Anastasiya/Desktop/s21_containers/src/list/test)
==931==    by 0x14008B: testing::UnitTest::Run() (in /mnt/c/Users/Anastasiya/Desktop/s21_containers/src/list/test)
==931==    by 0x118625: RUN_ALL_TESTS() (gtest.h:2490)
==931== 
==931== 24 bytes in 1 blocks are definitely lost in loss record 9 of 20
==931==    at 0x4849013: operator new(unsigned long) (in /usr/libexec/valgrind/vgpreload_memcheck-amd64-linux.so)
==931==    by 0x118EDE: s21::list<int>::push_front(int const&) (s21_list.h:257)
==931==    by 0x117286: ListTest_moveTest_Test::TestBody() (tests.cc:51)
==931==    by 0x14C0AE: void testing::internal::HandleExceptionsInMethodIfSupported<testing::Test, void>(testing::Test*, void (testing::Test::*)(), char const*) (in /mnt/c/Users/Anastasiya/Desktop/s21_containers/src/list/test)
==931==    by 0x13FE45: testing::Test::Run() (in /mnt/c/Users/Anastasiya/Desktop/s21_containers/src/list/test)
==931==    by 0x13FFC4: testing::TestInfo::Run() (in /mnt/c/Users/Anastasiya/Desktop/s21_containers/src/list/test)
==931==    by 0x140578: testing::TestSuite::Run() (in /mnt/c/Users/Anastasiya/Desktop/s21_containers/src/list/test)
==931==    by 0x140C7E: testing::internal::UnitTestImpl::RunAllTests() (in /mnt/c/Users/Anastasiya/Desktop/s21_containers/src/list/test)
==931==    by 0x14C676: bool testing::internal::HandleExceptionsInMethodIfSupported<testing::internal::UnitTestImpl, bool>(testing::internal::UnitTestImpl*, bool (testing::internal::UnitTestImpl::*)(), char const*) (in /mnt/c/Users/Anastasiya/Desktop/s21_containers/src/list/test)
==931==    by 0x14008B: testing::UnitTest::Run() (in /mnt/c/Users/Anastasiya/Desktop/s21_containers/src/list/test)
==931==    by 0x118625: RUN_ALL_TESTS() (gtest.h:2490)
==931==    by 0x117BCF: main (tests.cc:82)
==931== 
==931== 24 bytes in 1 blocks are definitely lost in loss record 10 of 20
==931==    at 0x4849013: operator new(unsigned long) (in /usr/libexec/valgrind/vgpreload_memcheck-amd64-linux.so)
==931==    by 0x119781: s21::list<int>::create_first(int) (s21_list.h:307)
==931==    by 0x118E6D: s21::list<int>::list(std::initializer_list<int> const&) (s21_list.h:145)
==931==    by 0x117735: ListTest_moveTest2_Test::TestBody() (tests.cc:65)
==931==    by 0x14C0AE: void testing::internal::HandleExceptionsInMethodIfSupported<testing::Test, void>(testing::Test*, void (testing::Test::*)(), char const*) (in /mnt/c/Users/Anastasiya/Desktop/s21_containers/src/list/test)
==931==    by 0x13FE45: testing::Test::Run() (in /mnt/c/Users/Anastasiya/Desktop/s21_containers/src/list/test)
==931==    by 0x13FFC4: testing::TestInfo::Run() (in /mnt/c/Users/Anastasiya/Desktop/s21_containers/src/list/test)
==931==    by 0x140578: testing::TestSuite::Run() (in /mnt/c/Users/Anastasiya/Desktop/s21_containers/src/list/test)
==931==    by 0x140C7E: testing::internal::UnitTestImpl::RunAllTests() (in /mnt/c/Users/Anastasiya/Desktop/s21_containers/src/list/test)
==931==    by 0x14C676: bool testing::internal::HandleExceptionsInMethodIfSupported<testing::internal::UnitTestImpl, bool>(testing::internal::UnitTestImpl*, bool (testing::internal::UnitTestImpl::*)(), char const*) (in /mnt/c/Users/Anastasiya/Desktop/s21_containers/src/list/test)
==931==    by 0x14008B: testing::UnitTest::Run() (in /mnt/c/Users/Anastasiya/Desktop/s21_containers/src/list/test)
==931==    by 0x118625: RUN_ALL_TESTS() (gtest.h:2490)
==931== 
==931== 24 bytes in 1 blocks are definitely lost in loss record 11 of 20
==931==    at 0x4849013: operator new(unsigned long) (in /usr/libexec/valgrind/vgpreload_memcheck-amd64-linux.so)
==931==    by 0x119781: s21::list<int>::create_first(int) (s21_list.h:307)
==931==    by 0x119215: s21::list<int>::list(s21::list<int> const&) (s21_list.h:160)
==931==    by 0x117748: ListTest_moveTest2_Test::TestBody() (tests.cc:66)
==931==    by 0x14C0AE: void testing::internal::HandleExceptionsInMethodIfSupported<testing::Test, void>(testing::Test*, void (testing::Test::*)(), char const*) (in /mnt/c/Users/Anastasiya/Desktop/s21_containers/src/list/test)
==931==    by 0x13FE45: testing::Test::Run() (in /mnt/c/Users/Anastasiya/Desktop/s21_containers/src/list/test)
==931==    by 0x13FFC4: testing::TestInfo::Run() (in /mnt/c/Users/Anastasiya/Desktop/s21_containers/src/list/test)
==931==    by 0x140578: testing::TestSuite::Run() (in /mnt/c/Users/Anastasiya/Desktop/s21_containers/src/list/test)
==931==    by 0x140C7E: testing::internal::UnitTestImpl::RunAllTests() (in /mnt/c/Users/Anastasiya/Desktop/s21_containers/src/list/test)
==931==    by 0x14C676: bool testing::internal::HandleExceptionsInMethodIfSupported<testing::internal::UnitTestImpl, bool>(testing::internal::UnitTestImpl*, bool (testing::internal::UnitTestImpl::*)(), char const*) (in /mnt/c/Users/Anastasiya/Desktop/s21_containers/src/list/test)
==931==    by 0x14008B: testing::UnitTest::Run() (in /mnt/c/Users/Anastasiya/Desktop/s21_containers/src/list/test)
==931==    by 0x118625: RUN_ALL_TESTS() (gtest.h:2490)
==931== 
==931== 24 bytes in 1 blocks are definitely lost in loss record 12 of 20
==931==    at 0x4849013: operator new(unsigned long) (in /usr/libexec/valgrind/vgpreload_memcheck-amd64-linux.so)
==931==    by 0x118EDE: s21::list<int>::push_front(int const&) (s21_list.h:257)
==931==    by 0x117762: ListTest_moveTest2_Test::TestBody() (tests.cc:68)
==931==    by 0x14C0AE: void testing::internal::HandleExceptionsInMethodIfSupported<testing::Test, void>(testing::Test*, void (testing::Test::*)(), char const*) (in /mnt/c/Users/Anastasiya/Desktop/s21_containers/src/list/test)
==931==    by 0x13FE45: testing::Test::Run() (in /mnt/c/Users/Anastasiya/Desktop/s21_containers/src/list/test)
==931==    by 0x13FFC4: testing::TestInfo::Run() (in /mnt/c/Users/Anastasiya/Desktop/s21_containers/src/list/test)
==931==    by 0x140578: testing::TestSuite::Run() (in /mnt/c/Users/Anastasiya/Desktop/s21_containers/src/list/test)
==931==    by 0x140C7E: testing::internal::UnitTestImpl::RunAllTests() (in /mnt/c/Users/Anastasiya/Desktop/s21_containers/src/list/test)
==931==    by 0x14C676: bool testing::internal::HandleExceptionsInMethodIfSupported<testing::internal::UnitTestImpl, bool>(testing::internal::UnitTestImpl*, bool (testing::internal::UnitTestImpl::*)(), char const*) (in /mnt/c/Users/Anastasiya/Desktop/s21_containers/src/list/test)
==931==    by 0x14008B: testing::UnitTest::Run() (in /mnt/c/Users/Anastasiya/Desktop/s21_containers/src/list/test)
==931==    by 0x118625: RUN_ALL_TESTS() (gtest.h:2490)
==931==    by 0x117BCF: main (tests.cc:82)
==931== 
==931== 48 bytes in 2 blocks are definitely lost in loss record 13 of 20
==931==    at 0x4849013: operator new(unsigned long) (in /usr/libexec/valgrind/vgpreload_memcheck-amd64-linux.so)
==931==    by 0x119819: s21::list<int>::add_New_member(int) (s21_list.h:328)
==931==    by 0x118E0D: s21::list<int>::list(unsigned long) (s21_list.h:139)
==931==    by 0x116554: ListTest_DefaultConstructor2_Test::TestBody() (tests.cc:12)
==931==    by 0x14C0AE: void testing::internal::HandleExceptionsInMethodIfSupported<testing::Test, void>(testing::Test*, void (testing::Test::*)(), char const*) (in /mnt/c/Users/Anastasiya/Desktop/s21_containers/src/list/test)
==931==    by 0x13FE45: testing::Test::Run() (in /mnt/c/Users/Anastasiya/Desktop/s21_containers/src/list/test)
==931==    by 0x13FFC4: testing::TestInfo::Run() (in /mnt/c/Users/Anastasiya/Desktop/s21_containers/src/list/test)
==931==    by 0x140578: testing::TestSuite::Run() (in /mnt/c/Users/Anastasiya/Desktop/s21_containers/src/list/test)
==931==    by 0x140C7E: testing::internal::UnitTestImpl::RunAllTests() (in /mnt/c/Users/Anastasiya/Desktop/s21_containers/src/list/test)
==931==    by 0x14C676: bool testing::internal::HandleExceptionsInMethodIfSupported<testing::internal::UnitTestImpl, bool>(testing::internal::UnitTestImpl*, bool (testing::internal::UnitTestImpl::*)(), char const*) (in /mnt/c/Users/Anastasiya/Desktop/s21_containers/src/list/test)
==931==    by 0x14008B: testing::UnitTest::Run() (in /mnt/c/Users/Anastasiya/Desktop/s21_containers/src/list/test)
==931==    by 0x118625: RUN_ALL_TESTS() (gtest.h:2490)
==931== 
==931== 96 bytes in 4 blocks are definitely lost in loss record 14 of 20
==931==    at 0x4849013: operator new(unsigned long) (in /usr/libexec/valgrind/vgpreload_memcheck-amd64-linux.so)
==931==    by 0x119819: s21::list<int>::add_New_member(int) (s21_list.h:328)
==931==    by 0x118E9F: s21::list<int>::list(std::initializer_list<int> const&) (s21_list.h:148)
==931==    by 0x116845: ListTest_CompareLists_Test::TestBody() (tests.cc:18)
==931==    by 0x14C0AE: void testing::internal::HandleExceptionsInMethodIfSupported<testing::Test, void>(testing::Test*, void (testing::Test::*)(), char const*) (in /mnt/c/Users/Anastasiya/Desktop/s21_containers/src/list/test)
==931==    by 0x13FE45: testing::Test::Run() (in /mnt/c/Users/Anastasiya/Desktop/s21_containers/src/list/test)
==931==    by 0x13FFC4: testing::TestInfo::Run() (in /mnt/c/Users/Anastasiya/Desktop/s21_containers/src/list/test)
==931==    by 0x140578: testing::TestSuite::Run() (in /mnt/c/Users/Anastasiya/Desktop/s21_containers/src/list/test)
==931==    by 0x140C7E: testing::internal::UnitTestImpl::RunAllTests() (in /mnt/c/Users/Anastasiya/Desktop/s21_containers/src/list/test)
==931==    by 0x14C676: bool testing::internal::HandleExceptionsInMethodIfSupported<testing::internal::UnitTestImpl, bool>(testing::internal::UnitTestImpl*, bool (testing::internal::UnitTestImpl::*)(), char const*) (in /mnt/c/Users/Anastasiya/Desktop/s21_containers/src/list/test)
==931==    by 0x14008B: testing::UnitTest::Run() (in /mnt/c/Users/Anastasiya/Desktop/s21_containers/src/list/test)
==931==    by 0x118625: RUN_ALL_TESTS() (gtest.h:2490)
==931== 
==931== 96 bytes in 4 blocks are definitely lost in loss record 15 of 20
==931==    at 0x4849013: operator new(unsigned long) (in /usr/libexec/valgrind/vgpreload_memcheck-amd64-linux.so)
==931==    by 0x119819: s21::list<int>::add_New_member(int) (s21_list.h:328)
==931==    by 0x118E9F: s21::list<int>::list(std::initializer_list<int> const&) (s21_list.h:148)
==931==    by 0x116D7D: ListTest_CompareLists1_Test::TestBody() (tests.cc:34)
==931==    by 0x14C0AE: void testing::internal::HandleExceptionsInMethodIfSupported<testing::Test, void>(testing::Test*, void (testing::Test::*)(), char const*) (in /mnt/c/Users/Anastasiya/Desktop/s21_containers/src/list/test)
==931==    by 0x13FE45: testing::Test::Run() (in /mnt/c/Users/Anastasiya/Desktop/s21_containers/src/list/test)
==931==    by 0x13FFC4: testing::TestInfo::Run() (in /mnt/c/Users/Anastasiya/Desktop/s21_containers/src/list/test)
==931==    by 0x140578: testing::TestSuite::Run() (in /mnt/c/Users/Anastasiya/Desktop/s21_containers/src/list/test)
==931==    by 0x140C7E: testing::internal::UnitTestImpl::RunAllTests() (in /mnt/c/Users/Anastasiya/Desktop/s21_containers/src/list/test)
==931==    by 0x14C676: bool testing::internal::HandleExceptionsInMethodIfSupported<testing::internal::UnitTestImpl, bool>(testing::internal::UnitTestImpl*, bool (testing::internal::UnitTestImpl::*)(), char const*) (in /mnt/c/Users/Anastasiya/Desktop/s21_containers/src/list/test)
==931==    by 0x14008B: testing::UnitTest::Run() (in /mnt/c/Users/Anastasiya/Desktop/s21_containers/src/list/test)
==931==    by 0x118625: RUN_ALL_TESTS() (gtest.h:2490)
==931== 
==931== 96 bytes in 4 blocks are definitely lost in loss record 16 of 20
==931==    at 0x4849013: operator new(unsigned long) (in /usr/libexec/valgrind/vgpreload_memcheck-amd64-linux.so)
==931==    by 0x119819: s21::list<int>::add_New_member(int) (s21_list.h:328)
==931==    by 0x119267: s21::list<int>::list(s21::list<int> const&) (s21_list.h:165)
==931==    by 0x116D90: ListTest_CompareLists1_Test::TestBody() (tests.cc:35)
==931==    by 0x14C0AE: void testing::internal::HandleExceptionsInMethodIfSupported<testing::Test, void>(testing::Test*, void (testing::Test::*)(), char const*) (in /mnt/c/Users/Anastasiya/Desktop/s21_containers/src/list/test)
==931==    by 0x13FE45: testing::Test::Run() (in /mnt/c/Users/Anastasiya/Desktop/s21_containers/src/list/test)
==931==    by 0x13FFC4: testing::TestInfo::Run() (in /mnt/c/Users/Anastasiya/Desktop/s21_containers/src/list/test)
==931==    by 0x140578: testing::TestSuite::Run() (in /mnt/c/Users/Anastasiya/Desktop/s21_containers/src/list/test)
==931==    by 0x140C7E: testing::internal::UnitTestImpl::RunAllTests() (in /mnt/c/Users/Anastasiya/Desktop/s21_containers/src/list/test)
==931==    by 0x14C676: bool testing::internal::HandleExceptionsInMethodIfSupported<testing::internal::UnitTestImpl, bool>(testing::internal::UnitTestImpl*, bool (testing::internal::UnitTestImpl::*)(), char const*) (in /mnt/c/Users/Anastasiya/Desktop/s21_containers/src/list/test)
==931==    by 0x14008B: testing::UnitTest::Run() (in /mnt/c/Users/Anastasiya/Desktop/s21_containers/src/list/test)
==931==    by 0x118625: RUN_ALL_TESTS() (gtest.h:2490)
==931== 
==931== 96 bytes in 4 blocks are definitely lost in loss record 17 of 20
==931==    at 0x4849013: operator new(unsigned long) (in /usr/libexec/valgrind/vgpreload_memcheck-amd64-linux.so)
==931==    by 0x119819: s21::list<int>::add_New_member(int) (s21_list.h:328)
==931==    by 0x118E9F: s21::list<int>::list(std::initializer_list<int> const&) (s21_list.h:148)
==931==    by 0x117259: ListTest_moveTest_Test::TestBody() (tests.cc:49)
==931==    by 0x14C0AE: void testing::internal::HandleExceptionsInMethodIfSupported<testing::Test, void>(testing::Test*, void (testing::Test::*)(), char const*) (in /mnt/c/Users/Anastasiya/Desktop/s21_containers/src/list/test)
==931==    by 0x13FE45: testing::Test::Run() (in /mnt/c/Users/Anastasiya/Desktop/s21_containers/src/list/test)
==931==    by 0x13FFC4: testing::TestInfo::Run() (in /mnt/c/Users/Anastasiya/Desktop/s21_containers/src/list/test)
==931==    by 0x140578: testing::TestSuite::Run() (in /mnt/c/Users/Anastasiya/Desktop/s21_containers/src/list/test)
==931==    by 0x140C7E: testing::internal::UnitTestImpl::RunAllTests() (in /mnt/c/Users/Anastasiya/Desktop/s21_containers/src/list/test)
==931==    by 0x14C676: bool testing::internal::HandleExceptionsInMethodIfSupported<testing::internal::UnitTestImpl, bool>(testing::internal::UnitTestImpl*, bool (testing::internal::UnitTestImpl::*)(), char const*) (in /mnt/c/Users/Anastasiya/Desktop/s21_containers/src/list/test)
==931==    by 0x14008B: testing::UnitTest::Run() (in /mnt/c/Users/Anastasiya/Desktop/s21_containers/src/list/test)
==931==    by 0x118625: RUN_ALL_TESTS() (gtest.h:2490)
==931== 
==931== 96 bytes in 4 blocks are definitely lost in loss record 18 of 20
==931==    at 0x4849013: operator new(unsigned long) (in /usr/libexec/valgrind/vgpreload_memcheck-amd64-linux.so)
==931==    by 0x119819: s21::list<int>::add_New_member(int) (s21_list.h:328)
==931==    by 0x119267: s21::list<int>::list(s21::list<int> const&) (s21_list.h:165)
==931==    by 0x11726C: ListTest_moveTest_Test::TestBody() (tests.cc:50)
==931==    by 0x14C0AE: void testing::internal::HandleExceptionsInMethodIfSupported<testing::Test, void>(testing::Test*, void (testing::Test::*)(), char const*) (in /mnt/c/Users/Anastasiya/Desktop/s21_containers/src/list/test)
==931==    by 0x13FE45: testing::Test::Run() (in /mnt/c/Users/Anastasiya/Desktop/s21_containers/src/list/test)
==931==    by 0x13FFC4: testing::TestInfo::Run() (in /mnt/c/Users/Anastasiya/Desktop/s21_containers/src/list/test)
==931==    by 0x140578: testing::TestSuite::Run() (in /mnt/c/Users/Anastasiya/Desktop/s21_containers/src/list/test)
==931==    by 0x140C7E: testing::internal::UnitTestImpl::RunAllTests() (in /mnt/c/Users/Anastasiya/Desktop/s21_containers/src/list/test)
==931==    by 0x14C676: bool testing::internal::HandleExceptionsInMethodIfSupported<testing::internal::UnitTestImpl, bool>(testing::internal::UnitTestImpl*, bool (testing::internal::UnitTestImpl::*)(), char const*) (in /mnt/c/Users/Anastasiya/Desktop/s21_containers/src/list/test)
==931==    by 0x14008B: testing::UnitTest::Run() (in /mnt/c/Users/Anastasiya/Desktop/s21_containers/src/list/test)
==931==    by 0x118625: RUN_ALL_TESTS() (gtest.h:2490)
==931== 
==931== 96 bytes in 4 blocks are definitely lost in loss record 19 of 20
==931==    at 0x4849013: operator new(unsigned long) (in /usr/libexec/valgrind/vgpreload_memcheck-amd64-linux.so)
==931==    by 0x119819: s21::list<int>::add_New_member(int) (s21_list.h:328)
==931==    by 0x118E9F: s21::list<int>::list(std::initializer_list<int> const&) (s21_list.h:148)
==931==    by 0x117735: ListTest_moveTest2_Test::TestBody() (tests.cc:65)
==931==    by 0x14C0AE: void testing::internal::HandleExceptionsInMethodIfSupported<testing::Test, void>(testing::Test*, void (testing::Test::*)(), char const*) (in /mnt/c/Users/Anastasiya/Desktop/s21_containers/src/list/test)
==931==    by 0x13FE45: testing::Test::Run() (in /mnt/c/Users/Anastasiya/Desktop/s21_containers/src/list/test)
==931==    by 0x13FFC4: testing::TestInfo::Run() (in /mnt/c/Users/Anastasiya/Desktop/s21_containers/src/list/test)
==931==    by 0x140578: testing::TestSuite::Run() (in /mnt/c/Users/Anastasiya/Desktop/s21_containers/src/list/test)
==931==    by 0x140C7E: testing::internal::UnitTestImpl::RunAllTests() (in /mnt/c/Users/Anastasiya/Desktop/s21_containers/src/list/test)
==931==    by 0x14C676: bool testing::internal::HandleExceptionsInMethodIfSupported<testing::internal::UnitTestImpl, bool>(testing::internal::UnitTestImpl*, bool (testing::internal::UnitTestImpl::*)(), char const*) (in /mnt/c/Users/Anastasiya/Desktop/s21_containers/src/list/test)
==931==    by 0x14008B: testing::UnitTest::Run() (in /mnt/c/Users/Anastasiya/Desktop/s21_containers/src/list/test)
==931==    by 0x118625: RUN_ALL_TESTS() (gtest.h:2490)
==931== 
==931== 96 bytes in 4 blocks are definitely lost in loss record 20 of 20
==931==    at 0x4849013: operator new(unsigned long) (in /usr/libexec/valgrind/vgpreload_memcheck-amd64-linux.so)
==931==    by 0x119819: s21::list<int>::add_New_member(int) (s21_list.h:328)
==931==    by 0x119267: s21::list<int>::list(s21::list<int> const&) (s21_list.h:165)
==931==    by 0x117748: ListTest_moveTest2_Test::TestBody() (tests.cc:66)
==931==    by 0x14C0AE: void testing::internal::HandleExceptionsInMethodIfSupported<testing::Test, void>(testing::Test*, void (testing::Test::*)(), char const*) (in /mnt/c/Users/Anastasiya/Desktop/s21_containers/src/list/test)
==931==    by 0x13FE45: testing::Test::Run() (in /mnt/c/Users/Anastasiya/Desktop/s21_containers/src/list/test)
==931==    by 0x13FFC4: testing::TestInfo::Run() (in /mnt/c/Users/Anastasiya/Desktop/s21_containers/src/list/test)
==931==    by 0x140578: testing::TestSuite::Run() (in /mnt/c/Users/Anastasiya/Desktop/s21_containers/src/list/test)
==931==    by 0x140C7E: testing::internal::UnitTestImpl::RunAllTests() (in /mnt/c/Users/Anastasiya/Desktop/s21_containers/src/list/test)
==931==    by 0x14C676: bool testing::internal::HandleExceptionsInMethodIfSupported<testing::internal::UnitTestImpl, bool>(testing::internal::UnitTestImpl*, bool (testing::internal::UnitTestImpl::*)(), char const*) (in /mnt/c/Users/Anastasiya/Desktop/s21_containers/src/list/test)
==931==    by 0x14008B: testing::UnitTest::Run() (in /mnt/c/Users/Anastasiya/Desktop/s21_containers/src/list/test)
==931==    by 0x118625: RUN_ALL_TESTS() (gtest.h:2490)
==931== 
==931== LEAK SUMMARY:
==931==    definitely lost: 1,008 bytes in 42 blocks
==931==    indirectly lost: 0 bytes in 0 blocks
==931==      possibly lost: 0 bytes in 0 blocks
==931==    still reachable: 0 bytes in 0 blocks
==931==         suppressed: 0 bytes in 0 blocks
==931== 
==931== ERROR SUMMARY: 20 errors from 20 contexts (suppressed: 0 from 0)
